2012/08/04 06:23:20 [error] [exception.CException] exception 'CException' with message 'CAssetManager.basePath "X:\projects\inzynierka\agh-birds-server\assets" is invalid. Please make sure the directory exists and is writable by the Web server process.' in X:\projects\inzynierka\framework\web\CAssetManager.php:128
Stack trace:
#0 X:\projects\inzynierka\framework\web\CAssetManager.php(113): CAssetManager->setBasePath('X:\projects\inz...')
#1 X:\projects\inzynierka\framework\web\CAssetManager.php(234): CAssetManager->getBasePath()
#2 X:\projects\inzynierka\framework\web\CClientScript.php(463): CAssetManager->publish('X:\projects\inz...')
#3 X:\projects\inzynierka\framework\web\CClientScript.php(500): CClientScript->getCoreScriptUrl()
#4 X:\projects\inzynierka\framework\web\CClientScript.php(316): CClientScript->getPackageBaseUrl('jquery')
#5 X:\projects\inzynierka\framework\web\CClientScript.php(209): CClientScript->renderCoreScripts()
#6 X:\projects\inzynierka\framework\web\CController.php(352): CClientScript->render('<!DOCTYPE html ...')
#7 X:\projects\inzynierka\framework\web\CController.php(789): CController->processOutput('<!DOCTYPE html ...')
#8 X:\projects\inzynierka\agh-birds-server\protected\controllers\SiteController.php(98): CController->render('login', Array)
#9 X:\projects\inzynierka\framework\web\actions\CInlineAction.php(50): SiteController->actionLogin()
#10 X:\projects\inzynierka\framework\web\CController.php(309): CInlineAction->runWithParams(Array)
#11 X:\projects\inzynierka\framework\web\CController.php(287): CController->runAction(Object(CInlineAction))
#12 X:\projects\inzynierka\framework\web\CController.php(266): CController->runActionWithFilters(Object(CInlineAction), Array)
#13 X:\projects\inzynierka\framework\web\CWebApplication.php(283): CController->run('login')
#14 X:\projects\inzynierka\framework\web\CWebApplication.php(142): CWebApplication->runController('site/login')
#15 X:\projects\inzynierka\framework\base\CApplication.php(162): CWebApplication->processRequest()
#16 X:\projects\inzynierka\agh-birds-server\index.php(13): CApplication->run()
#17 {main}
REQUEST_URI=/birds/index.php?r=site/login
HTTP_REFERER=http://localhost/birds/
---
2012/08/04 20:05:11 [error] [exception.CHttpException.404] exception 'CHttpException' with message 'Unable to resolve the request "api/list".' in X:\projects\inzynierka\framework\web\CWebApplication.php:287
Stack trace:
#0 X:\projects\inzynierka\framework\web\CWebApplication.php(142): CWebApplication->runController('api/list')
#1 X:\projects\inzynierka\framework\base\CApplication.php(162): CWebApplication->processRequest()
#2 X:\projects\inzynierka\agh-birds-server\index.php(13): CApplication->run()
#3 {main}
REQUEST_URI=/birds/index.php/api/bird
---
2012/08/04 20:05:44 [error] [exception.CHttpException.404] exception 'CHttpException' with message 'Unable to resolve the request "bird/list".' in X:\projects\inzynierka\framework\web\CWebApplication.php:287
Stack trace:
#0 X:\projects\inzynierka\framework\web\CWebApplication.php(142): CWebApplication->runController('bird/list')
#1 X:\projects\inzynierka\framework\base\CApplication.php(162): CWebApplication->processRequest()
#2 X:\projects\inzynierka\agh-birds-server\index.php(13): CApplication->run()
#3 {main}
REQUEST_URI=/birds/index.php/api/bird
---
2012/08/04 20:05:45 [error] [exception.CHttpException.404] exception 'CHttpException' with message 'Unable to resolve the request "bird/list".' in X:\projects\inzynierka\framework\web\CWebApplication.php:287
Stack trace:
#0 X:\projects\inzynierka\framework\web\CWebApplication.php(142): CWebApplication->runController('bird/list')
#1 X:\projects\inzynierka\framework\base\CApplication.php(162): CWebApplication->processRequest()
#2 X:\projects\inzynierka\agh-birds-server\index.php(13): CApplication->run()
#3 {main}
REQUEST_URI=/birds/index.php/api/bird
---
2012/08/04 20:05:46 [error] [exception.CHttpException.404] exception 'CHttpException' with message 'Unable to resolve the request "bird/list".' in X:\projects\inzynierka\framework\web\CWebApplication.php:287
Stack trace:
#0 X:\projects\inzynierka\framework\web\CWebApplication.php(142): CWebApplication->runController('bird/list')
#1 X:\projects\inzynierka\framework\base\CApplication.php(162): CWebApplication->processRequest()
#2 X:\projects\inzynierka\agh-birds-server\index.php(13): CApplication->run()
#3 {main}
REQUEST_URI=/birds/index.php/api/bird
---
2012/08/04 20:05:46 [error] [exception.CHttpException.404] exception 'CHttpException' with message 'Unable to resolve the request "bird/list".' in X:\projects\inzynierka\framework\web\CWebApplication.php:287
Stack trace:
#0 X:\projects\inzynierka\framework\web\CWebApplication.php(142): CWebApplication->runController('bird/list')
#1 X:\projects\inzynierka\framework\base\CApplication.php(162): CWebApplication->processRequest()
#2 X:\projects\inzynierka\agh-birds-server\index.php(13): CApplication->run()
#3 {main}
REQUEST_URI=/birds/index.php/api/bird
---
2012/08/04 20:07:24 [error] [exception.CHttpException.404] exception 'CHttpException' with message 'Unable to resolve the request "api/list".' in X:\projects\inzynierka\framework\web\CWebApplication.php:287
Stack trace:
#0 X:\projects\inzynierka\framework\web\CWebApplication.php(142): CWebApplication->runController('api/list')
#1 X:\projects\inzynierka\framework\base\CApplication.php(162): CWebApplication->processRequest()
#2 X:\projects\inzynierka\agh-birds-server\index.php(13): CApplication->run()
#3 {main}
REQUEST_URI=/birds/index.php/api/bird
---
2012/08/04 20:07:25 [error] [exception.CHttpException.404] exception 'CHttpException' with message 'Unable to resolve the request "api/list".' in X:\projects\inzynierka\framework\web\CWebApplication.php:287
Stack trace:
#0 X:\projects\inzynierka\framework\web\CWebApplication.php(142): CWebApplication->runController('api/list')
#1 X:\projects\inzynierka\framework\base\CApplication.php(162): CWebApplication->processRequest()
#2 X:\projects\inzynierka\agh-birds-server\index.php(13): CApplication->run()
#3 {main}
REQUEST_URI=/birds/index.php/api/bird
---
2012/08/04 20:07:25 [error] [exception.CHttpException.404] exception 'CHttpException' with message 'Unable to resolve the request "api/list".' in X:\projects\inzynierka\framework\web\CWebApplication.php:287
Stack trace:
#0 X:\projects\inzynierka\framework\web\CWebApplication.php(142): CWebApplication->runController('api/list')
#1 X:\projects\inzynierka\framework\base\CApplication.php(162): CWebApplication->processRequest()
#2 X:\projects\inzynierka\agh-birds-server\index.php(13): CApplication->run()
#3 {main}
REQUEST_URI=/birds/index.php/api/bird
---
2012/08/04 20:07:25 [error] [exception.CHttpException.404] exception 'CHttpException' with message 'Unable to resolve the request "api/list".' in X:\projects\inzynierka\framework\web\CWebApplication.php:287
Stack trace:
#0 X:\projects\inzynierka\framework\web\CWebApplication.php(142): CWebApplication->runController('api/list')
#1 X:\projects\inzynierka\framework\base\CApplication.php(162): CWebApplication->processRequest()
#2 X:\projects\inzynierka\agh-birds-server\index.php(13): CApplication->run()
#3 {main}
REQUEST_URI=/birds/index.php/api/bird
---
2012/08/04 20:07:25 [error] [exception.CHttpException.404] exception 'CHttpException' with message 'Unable to resolve the request "api/list".' in X:\projects\inzynierka\framework\web\CWebApplication.php:287
Stack trace:
#0 X:\projects\inzynierka\framework\web\CWebApplication.php(142): CWebApplication->runController('api/list')
#1 X:\projects\inzynierka\framework\base\CApplication.php(162): CWebApplication->processRequest()
#2 X:\projects\inzynierka\agh-birds-server\index.php(13): CApplication->run()
#3 {main}
REQUEST_URI=/birds/index.php/api/bird
---
2012/08/04 20:07:25 [error] [exception.CHttpException.404] exception 'CHttpException' with message 'Unable to resolve the request "api/list".' in X:\projects\inzynierka\framework\web\CWebApplication.php:287
Stack trace:
#0 X:\projects\inzynierka\framework\web\CWebApplication.php(142): CWebApplication->runController('api/list')
#1 X:\projects\inzynierka\framework\base\CApplication.php(162): CWebApplication->processRequest()
#2 X:\projects\inzynierka\agh-birds-server\index.php(13): CApplication->run()
#3 {main}
REQUEST_URI=/birds/index.php/api/bird
---
2012/08/04 20:08:55 [error] [exception.CHttpException.404] exception 'CHttpException' with message 'Unable to resolve the request "api/list".' in X:\projects\inzynierka\framework\web\CWebApplication.php:287
Stack trace:
#0 X:\projects\inzynierka\framework\web\CWebApplication.php(142): CWebApplication->runController('api/list')
#1 X:\projects\inzynierka\framework\base\CApplication.php(162): CWebApplication->processRequest()
#2 X:\projects\inzynierka\agh-birds-server\index.php(13): CApplication->run()
#3 {main}
REQUEST_URI=/birds/index.php/api/bird
---
2012/08/04 20:08:56 [error] [exception.CHttpException.404] exception 'CHttpException' with message 'Unable to resolve the request "api/list".' in X:\projects\inzynierka\framework\web\CWebApplication.php:287
Stack trace:
#0 X:\projects\inzynierka\framework\web\CWebApplication.php(142): CWebApplication->runController('api/list')
#1 X:\projects\inzynierka\framework\base\CApplication.php(162): CWebApplication->processRequest()
#2 X:\projects\inzynierka\agh-birds-server\index.php(13): CApplication->run()
#3 {main}
REQUEST_URI=/birds/index.php/api/bird
---
2012/08/04 20:08:57 [error] [exception.CHttpException.404] exception 'CHttpException' with message 'Unable to resolve the request "api/list".' in X:\projects\inzynierka\framework\web\CWebApplication.php:287
Stack trace:
#0 X:\projects\inzynierka\framework\web\CWebApplication.php(142): CWebApplication->runController('api/list')
#1 X:\projects\inzynierka\framework\base\CApplication.php(162): CWebApplication->processRequest()
#2 X:\projects\inzynierka\agh-birds-server\index.php(13): CApplication->run()
#3 {main}
REQUEST_URI=/birds/index.php/api/bird
---
2012/08/04 20:08:57 [error] [exception.CHttpException.404] exception 'CHttpException' with message 'Unable to resolve the request "api/list".' in X:\projects\inzynierka\framework\web\CWebApplication.php:287
Stack trace:
#0 X:\projects\inzynierka\framework\web\CWebApplication.php(142): CWebApplication->runController('api/list')
#1 X:\projects\inzynierka\framework\base\CApplication.php(162): CWebApplication->processRequest()
#2 X:\projects\inzynierka\agh-birds-server\index.php(13): CApplication->run()
#3 {main}
REQUEST_URI=/birds/index.php/api/bird
---
2012/08/04 20:16:33 [error] [exception.CHttpException.404] exception 'CHttpException' with message 'Unable to resolve the request "bird_01_/list".' in X:\projects\inzynierka\framework\web\CWebApplication.php:287
Stack trace:
#0 X:\projects\inzynierka\framework\web\CWebApplication.php(142): CWebApplication->runController('bird_01_/list')
#1 X:\projects\inzynierka\framework\base\CApplication.php(162): CWebApplication->processRequest()
#2 X:\projects\inzynierka\agh-birds-server\index.php(13): CApplication->run()
#3 {main}
REQUEST_URI=/birds/index.php/api/01/bird
---
2012/08/04 22:55:40 [error] [exception.CHttpException.404] exception 'CHttpException' with message 'Unable to resolve the request "api/01".' in X:\projects\inzynierka\framework\web\CWebApplication.php:287
Stack trace:
#0 X:\projects\inzynierka\framework\web\CWebApplication.php(142): CWebApplication->runController('api/01')
#1 X:\projects\inzynierka\framework\base\CApplication.php(162): CWebApplication->processRequest()
#2 X:\projects\inzynierka\agh-birds-server\index.php(13): CApplication->run()
#3 {main}
REQUEST_URI=/birds/index.php/api/01/
---
2012/08/05 01:32:03 [error] [exception.CHttpException.404] exception 'CHttpException' with message 'Unable to resolve the request "api/v1/bird".' in X:\projects\inzynierka\framework\web\CWebApplication.php:287
Stack trace:
#0 X:\projects\inzynierka\framework\web\CWebApplication.php(142): CWebApplication->runController('api/v1/bird')
#1 X:\projects\inzynierka\framework\base\CApplication.php(162): CWebApplication->processRequest()
#2 X:\projects\inzynierka\agh-birds-server\index.php(13): CApplication->run()
#3 {main}
REQUEST_URI=/birds/index.php/api/v1/bird
---
2012/08/05 01:32:08 [error] [exception.CHttpException.404] exception 'CHttpException' with message 'Unable to resolve the request "api/1/bird".' in X:\projects\inzynierka\framework\web\CWebApplication.php:287
Stack trace:
#0 X:\projects\inzynierka\framework\web\CWebApplication.php(142): CWebApplication->runController('api/1/bird')
#1 X:\projects\inzynierka\framework\base\CApplication.php(162): CWebApplication->processRequest()
#2 X:\projects\inzynierka\agh-birds-server\index.php(13): CApplication->run()
#3 {main}
REQUEST_URI=/birds/index.php/api/1/bird
---
2012/08/05 06:44:12 [error] [exception.CHttpException.404] exception 'CHttpException' with message 'Unable to resolve the request "gii".' in X:\projects\inzynierka\framework\web\CWebApplication.php:287
Stack trace:
#0 X:\projects\inzynierka\framework\web\CWebApplication.php(142): CWebApplication->runController('gii')
#1 X:\projects\inzynierka\framework\base\CApplication.php(162): CWebApplication->processRequest()
#2 X:\projects\inzynierka\agh-birds-server\index.php(13): CApplication->run()
#3 {main}
REQUEST_URI=/birds/index.php/gii
---
2012/08/05 07:09:31 [error] [exception.CException] exception 'CException' with message 'CWebApplication and its behaviors do not have a method or closure named "exit".' in X:\projects\inzynierka\framework\base\CComponent.php:266
Stack trace:
#0 X:\projects\inzynierka\agh-birds-server\protected\components\RestController.php(73): CComponent->__call('exit', Array)
#1 X:\projects\inzynierka\agh-birds-server\protected\components\RestController.php(73): CWebApplication->exit()
#2 X:\projects\inzynierka\agh-birds-server\protected\components\RestController.php(44): RestController->sendResponse('{"meta":{"previ...')
#3 X:\projects\inzynierka\agh-birds-server\protected\controllers\Bird_01_Controller.php(21): RestController->responseList(Array, Array)
#4 X:\projects\inzynierka\framework\web\actions\CInlineAction.php(50): Bird_01_Controller->actionList()
#5 X:\projects\inzynierka\framework\web\CController.php(309): CInlineAction->runWithParams(Array)
#6 X:\projects\inzynierka\framework\web\CController.php(287): CController->runAction(Object(CInlineAction))
#7 X:\projects\inzynierka\framework\web\CController.php(266): CController->runActionWithFilters(Object(CInlineAction), Array)
#8 X:\projects\inzynierka\framework\web\CWebApplication.php(283): CController->run('list')
#9 X:\projects\inzynierka\framework\web\CWebApplication.php(142): CWebApplication->runController('bird_01_/list')
#10 X:\projects\inzynierka\framework\base\CApplication.php(162): CWebApplication->processRequest()
#11 X:\projects\inzynierka\agh-birds-server\index.php(13): CApplication->run()
#12 {main}
REQUEST_URI=/birds/index.php/api/01/bird
---
2012/09/07 22:31:39 [error] [php] Use of undefined constant i - assumed 'i' (X:\projects\inzynierka\agh-birds-server\protected\controllers\Quiz_01_Controller.php:54)
Stack trace:
#0 X:\projects\inzynierka\framework\web\CController.php(287): Quiz_01_Controller->runAction()
#1 X:\projects\inzynierka\framework\web\CController.php(266): Quiz_01_Controller->runActionWithFilters()
#2 X:\projects\inzynierka\framework\web\CWebApplication.php(283): Quiz_01_Controller->run()
#3 X:\projects\inzynierka\framework\web\CWebApplication.php(142): CWebApplication->runController()
#4 X:\projects\inzynierka\framework\base\CApplication.php(162): CWebApplication->processRequest()
#5 X:\projects\inzynierka\agh-birds-server\index.php(13): CWebApplication->run()
REQUEST_URI=/birds/index.php/api/01/quiz
in X:\projects\inzynierka\agh-birds-server\protected\controllers\Quiz_01_Controller.php (54)
in X:\projects\inzynierka\agh-birds-server\index.php (13)
2012/09/07 22:36:46 [error] [system.db.CDbCommand] CDbCommand::execute() failed: SQLSTATE[23000]: Integrity constraint violation: 1452 Cannot add or update a child row: a foreign key constraint fails (`birds`.`question`, CONSTRAINT `fk_question_quiz` FOREIGN KEY (`quiz_id`) REFERENCES `mydb`.`quiz` (`id`) ON DELETE NO ACTION ON UPDATE NO ACTION). The SQL statement executed was: INSERT INTO `question` (`active`, `question`, `answer1`, `answer2`, `answer3`, `answer4`, `correct`, `created_at`, `quiz_id`) VALUES (:yp0, :yp1, :yp2, :yp3, :yp4, :yp5, :yp6, NOW(), :yp7).
in X:\projects\inzynierka\agh-birds-server\protected\controllers\Quiz_01_Controller.php (63)
in X:\projects\inzynierka\agh-birds-server\index.php (13)
2012/09/07 22:36:46 [error] [exception.CDbException] exception 'CDbException' with message 'CDbCommand failed to execute the SQL statement: SQLSTATE[23000]: Integrity constraint violation: 1452 Cannot add or update a child row: a foreign key constraint fails (`birds`.`question`, CONSTRAINT `fk_question_quiz` FOREIGN KEY (`quiz_id`) REFERENCES `mydb`.`quiz` (`id`) ON DELETE NO ACTION ON UPDATE NO ACTION). The SQL statement executed was: INSERT INTO `question` (`active`, `question`, `answer1`, `answer2`, `answer3`, `answer4`, `correct`, `created_at`, `quiz_id`) VALUES (:yp0, :yp1, :yp2, :yp3, :yp4, :yp5, :yp6, NOW(), :yp7)' in X:\projects\inzynierka\framework\db\CDbCommand.php:354
Stack trace:
#0 X:\projects\inzynierka\framework\db\ar\CActiveRecord.php(1012): CDbCommand->execute()
#1 X:\projects\inzynierka\framework\db\ar\CActiveRecord.php(791): CActiveRecord->insert(NULL)
#2 X:\projects\inzynierka\agh-birds-server\protected\controllers\Quiz_01_Controller.php(63): CActiveRecord->save()
#3 X:\projects\inzynierka\framework\web\actions\CInlineAction.php(50): Quiz_01_Controller->actionCreate()
#4 X:\projects\inzynierka\framework\web\CController.php(309): CInlineAction->runWithParams(Array)
#5 X:\projects\inzynierka\framework\web\CController.php(287): CController->runAction(Object(CInlineAction))
#6 X:\projects\inzynierka\framework\web\CController.php(266): CController->runActionWithFilters(Object(CInlineAction), Array)
#7 X:\projects\inzynierka\framework\web\CWebApplication.php(283): CController->run('create')
#8 X:\projects\inzynierka\framework\web\CWebApplication.php(142): CWebApplication->runController('quiz_01_/create')
#9 X:\projects\inzynierka\framework\base\CApplication.php(162): CWebApplication->processRequest()
#10 X:\projects\inzynierka\agh-birds-server\index.php(13): CApplication->run()
#11 {main}
REQUEST_URI=/birds/index.php/api/01/quiz
---
2012/09/07 22:40:53 [error] [exception.CDbException] exception 'CDbException' with message 'Relation "question" is not defined in active record class "Quiz".' in X:\projects\inzynierka\framework\db\ar\CActiveFinder.php:215
Stack trace:
#0 X:\projects\inzynierka\framework\db\ar\CActiveFinder.php(278): CActiveFinder->buildJoinTree(Object(CJoinElement), 'question')
#1 X:\projects\inzynierka\framework\db\ar\CActiveFinder.php(49): CActiveFinder->buildJoinTree(Object(CJoinElement), Array)
#2 X:\projects\inzynierka\framework\db\ar\CActiveRecord.php(1290): CActiveFinder->__construct(Object(Quiz), Array)
#3 X:\projects\inzynierka\framework\db\ar\CActiveRecord.php(1421): CActiveRecord->query(Object(CDbCriteria))
#4 X:\projects\inzynierka\agh-birds-server\protected\controllers\Quiz_01_Controller.php(79): CActiveRecord->findByPk('9')
#5 X:\projects\inzynierka\agh-birds-server\protected\controllers\Quiz_01_Controller.php(24): Quiz_01_Controller->getQuiz('9')
#6 [internal function]: Quiz_01_Controller->actionView('9')
#7 X:\projects\inzynierka\framework\web\actions\CAction.php(107): ReflectionMethod->invokeArgs(Object(Quiz_01_Controller), Array)
#8 X:\projects\inzynierka\framework\web\actions\CInlineAction.php(48): CAction->runWithParamsInternal(Object(Quiz_01_Controller), Object(ReflectionMethod), Array)
#9 X:\projects\inzynierka\framework\web\CController.php(309): CInlineAction->runWithParams(Array)
#10 X:\projects\inzynierka\framework\web\CController.php(287): CController->runAction(Object(CInlineAction))
#11 X:\projects\inzynierka\framework\web\CController.php(266): CController->runActionWithFilters(Object(CInlineAction), Array)
#12 X:\projects\inzynierka\framework\web\CWebApplication.php(283): CController->run('view')
#13 X:\projects\inzynierka\framework\web\CWebApplication.php(142): CWebApplication->runController('quiz_01_/view')
#14 X:\projects\inzynierka\framework\base\CApplication.php(162): CWebApplication->processRequest()
#15 X:\projects\inzynierka\agh-birds-server\index.php(13): CApplication->run()
#16 {main}
REQUEST_URI=/birds/index.php/api/01/quiz/9
---
2012/09/07 22:41:05 [error] [exception.CDbException] exception 'CDbException' with message 'Relation "questions" is not defined in active record class "Quiz".' in X:\projects\inzynierka\framework\db\ar\CActiveFinder.php:215
Stack trace:
#0 X:\projects\inzynierka\framework\db\ar\CActiveFinder.php(278): CActiveFinder->buildJoinTree(Object(CJoinElement), 'questions')
#1 X:\projects\inzynierka\framework\db\ar\CActiveFinder.php(49): CActiveFinder->buildJoinTree(Object(CJoinElement), Array)
#2 X:\projects\inzynierka\framework\db\ar\CActiveRecord.php(1290): CActiveFinder->__construct(Object(Quiz), Array)
#3 X:\projects\inzynierka\framework\db\ar\CActiveRecord.php(1421): CActiveRecord->query(Object(CDbCriteria))
#4 X:\projects\inzynierka\agh-birds-server\protected\controllers\Quiz_01_Controller.php(79): CActiveRecord->findByPk('9')
#5 X:\projects\inzynierka\agh-birds-server\protected\controllers\Quiz_01_Controller.php(24): Quiz_01_Controller->getQuiz('9')
#6 [internal function]: Quiz_01_Controller->actionView('9')
#7 X:\projects\inzynierka\framework\web\actions\CAction.php(107): ReflectionMethod->invokeArgs(Object(Quiz_01_Controller), Array)
#8 X:\projects\inzynierka\framework\web\actions\CInlineAction.php(48): CAction->runWithParamsInternal(Object(Quiz_01_Controller), Object(ReflectionMethod), Array)
#9 X:\projects\inzynierka\framework\web\CController.php(309): CInlineAction->runWithParams(Array)
#10 X:\projects\inzynierka\framework\web\CController.php(287): CController->runAction(Object(CInlineAction))
#11 X:\projects\inzynierka\framework\web\CController.php(266): CController->runActionWithFilters(Object(CInlineAction), Array)
#12 X:\projects\inzynierka\framework\web\CWebApplication.php(283): CController->run('view')
#13 X:\projects\inzynierka\framework\web\CWebApplication.php(142): CWebApplication->runController('quiz_01_/view')
#14 X:\projects\inzynierka\framework\base\CApplication.php(162): CWebApplication->processRequest()
#15 X:\projects\inzynierka\agh-birds-server\index.php(13): CApplication->run()
#16 {main}
REQUEST_URI=/birds/index.php/api/01/quiz/9
---
2012/09/07 22:42:00 [error] [exception.CDbException] exception 'CDbException' with message 'Relation "questions" is not defined in active record class "Quiz".' in X:\projects\inzynierka\framework\db\ar\CActiveFinder.php:215
Stack trace:
#0 X:\projects\inzynierka\framework\db\ar\CActiveFinder.php(278): CActiveFinder->buildJoinTree(Object(CJoinElement), 'questions')
#1 X:\projects\inzynierka\framework\db\ar\CActiveFinder.php(49): CActiveFinder->buildJoinTree(Object(CJoinElement), Array)
#2 X:\projects\inzynierka\framework\db\ar\CActiveRecord.php(1290): CActiveFinder->__construct(Object(Quiz), Array)
#3 X:\projects\inzynierka\framework\db\ar\CActiveRecord.php(1421): CActiveRecord->query(Object(CDbCriteria))
#4 X:\projects\inzynierka\agh-birds-server\protected\controllers\Quiz_01_Controller.php(79): CActiveRecord->findByPk('9')
#5 X:\projects\inzynierka\agh-birds-server\protected\controllers\Quiz_01_Controller.php(24): Quiz_01_Controller->getQuiz('9')
#6 [internal function]: Quiz_01_Controller->actionView('9')
#7 X:\projects\inzynierka\framework\web\actions\CAction.php(107): ReflectionMethod->invokeArgs(Object(Quiz_01_Controller), Array)
#8 X:\projects\inzynierka\framework\web\actions\CInlineAction.php(48): CAction->runWithParamsInternal(Object(Quiz_01_Controller), Object(ReflectionMethod), Array)
#9 X:\projects\inzynierka\framework\web\CController.php(309): CInlineAction->runWithParams(Array)
#10 X:\projects\inzynierka\framework\web\CController.php(287): CController->runAction(Object(CInlineAction))
#11 X:\projects\inzynierka\framework\web\CController.php(266): CController->runActionWithFilters(Object(CInlineAction), Array)
#12 X:\projects\inzynierka\framework\web\CWebApplication.php(283): CController->run('view')
#13 X:\projects\inzynierka\framework\web\CWebApplication.php(142): CWebApplication->runController('quiz_01_/view')
#14 X:\projects\inzynierka\framework\base\CApplication.php(162): CWebApplication->processRequest()
#15 X:\projects\inzynierka\agh-birds-server\index.php(13): CApplication->run()
#16 {main}
REQUEST_URI=/birds/index.php/api/01/quiz/9
---
2012/09/07 22:42:01 [error] [exception.CDbException] exception 'CDbException' with message 'Relation "questions" is not defined in active record class "Quiz".' in X:\projects\inzynierka\framework\db\ar\CActiveFinder.php:215
Stack trace:
#0 X:\projects\inzynierka\framework\db\ar\CActiveFinder.php(278): CActiveFinder->buildJoinTree(Object(CJoinElement), 'questions')
#1 X:\projects\inzynierka\framework\db\ar\CActiveFinder.php(49): CActiveFinder->buildJoinTree(Object(CJoinElement), Array)
#2 X:\projects\inzynierka\framework\db\ar\CActiveRecord.php(1290): CActiveFinder->__construct(Object(Quiz), Array)
#3 X:\projects\inzynierka\framework\db\ar\CActiveRecord.php(1421): CActiveRecord->query(Object(CDbCriteria))
#4 X:\projects\inzynierka\agh-birds-server\protected\controllers\Quiz_01_Controller.php(79): CActiveRecord->findByPk('9')
#5 X:\projects\inzynierka\agh-birds-server\protected\controllers\Quiz_01_Controller.php(24): Quiz_01_Controller->getQuiz('9')
#6 [internal function]: Quiz_01_Controller->actionView('9')
#7 X:\projects\inzynierka\framework\web\actions\CAction.php(107): ReflectionMethod->invokeArgs(Object(Quiz_01_Controller), Array)
#8 X:\projects\inzynierka\framework\web\actions\CInlineAction.php(48): CAction->runWithParamsInternal(Object(Quiz_01_Controller), Object(ReflectionMethod), Array)
#9 X:\projects\inzynierka\framework\web\CController.php(309): CInlineAction->runWithParams(Array)
#10 X:\projects\inzynierka\framework\web\CController.php(287): CController->runAction(Object(CInlineAction))
#11 X:\projects\inzynierka\framework\web\CController.php(266): CController->runActionWithFilters(Object(CInlineAction), Array)
#12 X:\projects\inzynierka\framework\web\CWebApplication.php(283): CController->run('view')
#13 X:\projects\inzynierka\framework\web\CWebApplication.php(142): CWebApplication->runController('quiz_01_/view')
#14 X:\projects\inzynierka\framework\base\CApplication.php(162): CWebApplication->processRequest()
#15 X:\projects\inzynierka\agh-birds-server\index.php(13): CApplication->run()
#16 {main}
REQUEST_URI=/birds/index.php/api/01/quiz/9
---
2012/09/07 22:45:03 [error] [exception.CHttpException.404] exception 'CHttpException' with message 'Unable to resolve the request "index.php/quiz".' in X:\projects\inzynierka\framework\web\CWebApplication.php:287
Stack trace:
#0 X:\projects\inzynierka\framework\web\CWebApplication.php(142): CWebApplication->runController('index.php/quiz')
#1 X:\projects\inzynierka\framework\base\CApplication.php(162): CWebApplication->processRequest()
#2 X:\projects\inzynierka\agh-birds-server\index.php(13): CApplication->run()
#3 {main}
REQUEST_URI=/birds/index.php/index.php/quiz
---
2012/09/10 20:36:13 [error] [php] Undefined variable: question (X:\projects\inzynierka\agh-birds-server\protected\controllers\Quiz_01_Controller.php:29)
Stack trace:
#0 X:\projects\inzynierka\framework\web\actions\CInlineAction.php(48): CInlineAction->runWithParamsInternal()
#1 X:\projects\inzynierka\framework\web\CController.php(309): CInlineAction->runWithParams()
#2 X:\projects\inzynierka\framework\web\CController.php(287): Quiz_01_Controller->runAction()
#3 X:\projects\inzynierka\framework\web\CController.php(266): Quiz_01_Controller->runActionWithFilters()
#4 X:\projects\inzynierka\framework\web\CWebApplication.php(283): Quiz_01_Controller->run()
#5 X:\projects\inzynierka\framework\web\CWebApplication.php(142): CWebApplication->runController()
#6 X:\projects\inzynierka\framework\base\CApplication.php(162): CWebApplication->processRequest()
#7 X:\projects\inzynierka\agh-birds-server\index.php(13): CWebApplication->run()
REQUEST_URI=/birds/index.php/api/01/quiz/10
in X:\projects\inzynierka\agh-birds-server\protected\controllers\Quiz_01_Controller.php (29)
in X:\projects\inzynierka\agh-birds-server\index.php (13)
2012/09/10 20:39:09 [error] [exception.CException] exception 'CException' with message 'Property "Quiz.question" is not defined.' in X:\projects\inzynierka\framework\base\CComponent.php:131
Stack trace:
#0 X:\projects\inzynierka\framework\db\ar\CActiveRecord.php(144): CComponent->__get('question')
#1 X:\projects\inzynierka\agh-birds-server\protected\controllers\Quiz_01_Controller.php(26): CActiveRecord->__get('question')
#2 [internal function]: Quiz_01_Controller->actionView('10')
#3 X:\projects\inzynierka\framework\web\actions\CAction.php(107): ReflectionMethod->invokeArgs(Object(Quiz_01_Controller), Array)
#4 X:\projects\inzynierka\framework\web\actions\CInlineAction.php(48): CAction->runWithParamsInternal(Object(Quiz_01_Controller), Object(ReflectionMethod), Array)
#5 X:\projects\inzynierka\framework\web\CController.php(309): CInlineAction->runWithParams(Array)
#6 X:\projects\inzynierka\framework\web\CController.php(287): CController->runAction(Object(CInlineAction))
#7 X:\projects\inzynierka\framework\web\CController.php(266): CController->runActionWithFilters(Object(CInlineAction), Array)
#8 X:\projects\inzynierka\framework\web\CWebApplication.php(283): CController->run('view')
#9 X:\projects\inzynierka\framework\web\CWebApplication.php(142): CWebApplication->runController('quiz_01_/view')
#10 X:\projects\inzynierka\framework\base\CApplication.php(162): CWebApplication->processRequest()
#11 X:\projects\inzynierka\agh-birds-server\index.php(13): CApplication->run()
#12 {main}
REQUEST_URI=/birds/index.php/api/01/quiz/10
---
2012/09/10 20:40:13 [error] [php] Invalid argument supplied for foreach() (X:\projects\inzynierka\agh-birds-server\protected\controllers\Quiz_01_Controller.php:26)
Stack trace:
#0 X:\projects\inzynierka\framework\web\actions\CInlineAction.php(48): CInlineAction->runWithParamsInternal()
#1 X:\projects\inzynierka\framework\web\CController.php(309): CInlineAction->runWithParams()
#2 X:\projects\inzynierka\framework\web\CController.php(287): Quiz_01_Controller->runAction()
#3 X:\projects\inzynierka\framework\web\CController.php(266): Quiz_01_Controller->runActionWithFilters()
#4 X:\projects\inzynierka\framework\web\CWebApplication.php(283): Quiz_01_Controller->run()
#5 X:\projects\inzynierka\framework\web\CWebApplication.php(142): CWebApplication->runController()
#6 X:\projects\inzynierka\framework\base\CApplication.php(162): CWebApplication->processRequest()
#7 X:\projects\inzynierka\agh-birds-server\index.php(13): CWebApplication->run()
REQUEST_URI=/birds/index.php/api/01/quiz/10
in X:\projects\inzynierka\agh-birds-server\protected\controllers\Quiz_01_Controller.php (26)
in X:\projects\inzynierka\agh-birds-server\index.php (13)
2012/09/10 20:41:56 [error] [php] Indirect modification of overloaded element of Quiz has no effect (X:\projects\inzynierka\agh-birds-server\protected\controllers\Quiz_01_Controller.php:28)
Stack trace:
#0 X:\projects\inzynierka\framework\web\actions\CInlineAction.php(48): CInlineAction->runWithParamsInternal()
#1 X:\projects\inzynierka\framework\web\CController.php(309): CInlineAction->runWithParams()
#2 X:\projects\inzynierka\framework\web\CController.php(287): Quiz_01_Controller->runAction()
#3 X:\projects\inzynierka\framework\web\CController.php(266): Quiz_01_Controller->runActionWithFilters()
#4 X:\projects\inzynierka\framework\web\CWebApplication.php(283): Quiz_01_Controller->run()
#5 X:\projects\inzynierka\framework\web\CWebApplication.php(142): CWebApplication->runController()
#6 X:\projects\inzynierka\framework\base\CApplication.php(162): CWebApplication->processRequest()
#7 X:\projects\inzynierka\agh-birds-server\index.php(13): CWebApplication->run()
REQUEST_URI=/birds/index.php/api/01/quiz/10
in X:\projects\inzynierka\agh-birds-server\protected\controllers\Quiz_01_Controller.php (28)
in X:\projects\inzynierka\agh-birds-server\index.php (13)
2012/09/10 20:51:23 [error] [php] Indirect modification of overloaded property Quiz::$attributes has no effect (X:\projects\inzynierka\agh-birds-server\protected\controllers\Quiz_01_Controller.php:25)
Stack trace:
#0 X:\projects\inzynierka\framework\web\actions\CInlineAction.php(48): CInlineAction->runWithParamsInternal()
#1 X:\projects\inzynierka\framework\web\CController.php(309): CInlineAction->runWithParams()
#2 X:\projects\inzynierka\framework\web\CController.php(287): Quiz_01_Controller->runAction()
#3 X:\projects\inzynierka\framework\web\CController.php(266): Quiz_01_Controller->runActionWithFilters()
#4 X:\projects\inzynierka\framework\web\CWebApplication.php(283): Quiz_01_Controller->run()
#5 X:\projects\inzynierka\framework\web\CWebApplication.php(142): CWebApplication->runController()
#6 X:\projects\inzynierka\framework\base\CApplication.php(162): CWebApplication->processRequest()
#7 X:\projects\inzynierka\agh-birds-server\index.php(13): CWebApplication->run()
REQUEST_URI=/birds/index.php/api/01/quiz/10
in X:\projects\inzynierka\agh-birds-server\protected\controllers\Quiz_01_Controller.php (25)
in X:\projects\inzynierka\agh-birds-server\index.php (13)
2012/09/10 20:53:47 [error] [php] Undefined variable: attrs (X:\projects\inzynierka\agh-birds-server\protected\controllers\Quiz_01_Controller.php:28)
Stack trace:
#0 X:\projects\inzynierka\framework\web\actions\CInlineAction.php(48): CInlineAction->runWithParamsInternal()
#1 X:\projects\inzynierka\framework\web\CController.php(309): CInlineAction->runWithParams()
#2 X:\projects\inzynierka\framework\web\CController.php(287): Quiz_01_Controller->runAction()
#3 X:\projects\inzynierka\framework\web\CController.php(266): Quiz_01_Controller->runActionWithFilters()
#4 X:\projects\inzynierka\framework\web\CWebApplication.php(283): Quiz_01_Controller->run()
#5 X:\projects\inzynierka\framework\web\CWebApplication.php(142): CWebApplication->runController()
#6 X:\projects\inzynierka\framework\base\CApplication.php(162): CWebApplication->processRequest()
#7 X:\projects\inzynierka\agh-birds-server\index.php(13): CWebApplication->run()
REQUEST_URI=/birds/index.php/api/01/quiz/10
in X:\projects\inzynierka\agh-birds-server\protected\controllers\Quiz_01_Controller.php (28)
in X:\projects\inzynierka\agh-birds-server\index.php (13)
2012/09/10 20:53:48 [error] [php] Undefined variable: attrs (X:\projects\inzynierka\agh-birds-server\protected\controllers\Quiz_01_Controller.php:28)
Stack trace:
#0 X:\projects\inzynierka\framework\web\actions\CInlineAction.php(48): CInlineAction->runWithParamsInternal()
#1 X:\projects\inzynierka\framework\web\CController.php(309): CInlineAction->runWithParams()
#2 X:\projects\inzynierka\framework\web\CController.php(287): Quiz_01_Controller->runAction()
#3 X:\projects\inzynierka\framework\web\CController.php(266): Quiz_01_Controller->runActionWithFilters()
#4 X:\projects\inzynierka\framework\web\CWebApplication.php(283): Quiz_01_Controller->run()
#5 X:\projects\inzynierka\framework\web\CWebApplication.php(142): CWebApplication->runController()
#6 X:\projects\inzynierka\framework\base\CApplication.php(162): CWebApplication->processRequest()
#7 X:\projects\inzynierka\agh-birds-server\index.php(13): CWebApplication->run()
REQUEST_URI=/birds/index.php/api/01/quiz/10
in X:\projects\inzynierka\agh-birds-server\protected\controllers\Quiz_01_Controller.php (28)
in X:\projects\inzynierka\agh-birds-server\index.php (13)
2012/09/10 20:57:41 [error] [php] Undefined variable: connection (X:\projects\inzynierka\agh-birds-server\protected\controllers\Quiz_01_Controller.php:40)
Stack trace:
#0 X:\projects\inzynierka\framework\web\CController.php(287): Quiz_01_Controller->runAction()
#1 X:\projects\inzynierka\framework\web\CController.php(266): Quiz_01_Controller->runActionWithFilters()
#2 X:\projects\inzynierka\framework\web\CWebApplication.php(283): Quiz_01_Controller->run()
#3 X:\projects\inzynierka\framework\web\CWebApplication.php(142): CWebApplication->runController()
#4 X:\projects\inzynierka\framework\base\CApplication.php(162): CWebApplication->processRequest()
#5 X:\projects\inzynierka\agh-birds-server\index.php(13): CWebApplication->run()
REQUEST_URI=/birds/index.php/api/01/quiz
in X:\projects\inzynierka\agh-birds-server\protected\controllers\Quiz_01_Controller.php (40)
in X:\projects\inzynierka\agh-birds-server\index.php (13)
